0 info it worked if it ends with ok
1 verbose cli [ 'C:\\nodejs\\node.exe',
1 verbose cli   'C:\\nodejs\\node_modules\\npm\\bin\\npm-cli.js',
1 verbose cli   'start' ]
2 info using npm@3.10.10
3 info using node@v6.10.0
4 verbose run-script [ 'prestart', 'start', 'poststart' ]
5 info lifecycle mfresh_back@1.0.0~prestart: mfresh_back@1.0.0
6 silly lifecycle mfresh_back@1.0.0~prestart: no script for prestart, continuing
7 info lifecycle mfresh_back@1.0.0~start: mfresh_back@1.0.0
8 verbose lifecycle mfresh_back@1.0.0~start: unsafe-perm in lifecycle true
9 verbose lifecycle mfresh_back@1.0.0~start: PATH: C:\nodejs\node_modules\npm\bin\node-gyp-bin;C:\xampp\htdocs\19-finalproject\mfresh\mfresh_back\node_modules\.bin;C:\Program Files (x86)\Common Files\Oracle\Java\javapath;C:\Python36\Scripts\;C:\Python36\;C:\Python3\Scripts\;C:\Python3\;C:\Program Files (x86)\Python36-32\Scripts\;C:\Program Files (x86)\Python36-32\;C:\Program Files (x86)\NVIDIA Corporation\PhysX\Common;C:\Program Files\Common Files\Microsoft Shared\Windows Live;C:\Program Files (x86)\Common Files\Microsoft Shared\Windows Live;C:\Windows\system32;C:\Windows;C:\Windows\System32\Wbem;C:\Windows\System32\WindowsPowerShell\v1.0\;C:\Program Files (x86)\Windows Live\Shared;C:\Program Files\Intel\WiFi\bin\;C:\Program Files\Common Files\Intel\WirelessCommon\;C:\Program Files\Git\cmd;C:\Program Files\dotnet\;C:\Program Files\Microsoft SQL Server\130\Tools\Binn\;C:\xampp\htdocs\13-webapp\cmd;C:\nodejs\;C:\Program Files\Intel\WiFi\bin\;C:\Program Files\Common Files\Intel\WirelessCommon\;C:\Python27;C:\Python27\Scripts;D:\Microsoft VS Code\bin;C:\Users\Administrator\AppData\Roaming\npm
10 verbose lifecycle mfresh_back@1.0.0~start: CWD: C:\xampp\htdocs\19-finalproject\mfresh\mfresh_back
11 silly lifecycle mfresh_back@1.0.0~start: Args: [ '/d /s /c', 'node index.js' ]
12 silly lifecycle mfresh_back@1.0.0~start: Returned: code: 3221225786  signal: null
13 info lifecycle mfresh_back@1.0.0~start: Failed to exec start script
14 verbose stack Error: mfresh_back@1.0.0 start: `node index.js`
14 verbose stack Exit status 3221225786
14 verbose stack     at EventEmitter.<anonymous> (C:\nodejs\node_modules\npm\lib\utils\lifecycle.js:255:16)
14 verbose stack     at emitTwo (events.js:106:13)
14 verbose stack     at EventEmitter.emit (events.js:191:7)
14 verbose stack     at ChildProcess.<anonymous> (C:\nodejs\node_modules\npm\lib\utils\spawn.js:40:14)
14 verbose stack     at emitTwo (events.js:106:13)
14 verbose stack     at ChildProcess.emit (events.js:191:7)
14 verbose stack     at maybeClose (internal/child_process.js:877:16)
14 verbose stack     at Process.ChildProcess._handle.onexit (internal/child_process.js:226:5)
15 verbose pkgid mfresh_back@1.0.0
16 verbose cwd C:\xampp\htdocs\19-finalproject\mfresh\mfresh_back
17 error Windows_NT 6.1.7601
18 error argv "C:\\nodejs\\node.exe" "C:\\nodejs\\node_modules\\npm\\bin\\npm-cli.js" "start"
19 error node v6.10.0
20 error npm  v3.10.10
21 error code ELIFECYCLE
22 error mfresh_back@1.0.0 start: `node index.js`
22 error Exit status 3221225786
23 error Failed at the mfresh_back@1.0.0 start script 'node index.js'.
23 error Make sure you have the latest version of node.js and npm installed.
23 error If you do, this is most likely a problem with the mfresh_back package,
23 error not with npm itself.
23 error Tell the author that this fails on your system:
23 error     node index.js
23 error You can get information on how to open an issue for this project with:
23 error     npm bugs mfresh_back
23 error Or if that isn't available, you can get their info via:
23 error     npm owner ls mfresh_back
23 error There is likely additional logging output above.
24 verbose exit [ 1, true ]
